0 info it worked if it ends with ok
1 verbose cli [ '/usr/bin/node6',
1 verbose cli   '/usr/bin/npm-default',
1 verbose cli   'run',
1 verbose cli   'gulp',
1 verbose cli   'server' ]
2 info using npm@3.10.10
3 info using node@v6.14.1
4 verbose run-script [ 'pregulp', 'gulp', 'postgulp' ]
5 info lifecycle gulp-hipermidia@1.0.0~pregulp: gulp-hipermidia@1.0.0
6 silly lifecycle gulp-hipermidia@1.0.0~pregulp: no script for pregulp, continuing
7 info lifecycle gulp-hipermidia@1.0.0~gulp: gulp-hipermidia@1.0.0
8 verbose lifecycle gulp-hipermidia@1.0.0~gulp: unsafe-perm in lifecycle true
9 verbose lifecycle gulp-hipermidia@1.0.0~gulp: PATH: /usr/lib64/node_modules/npm6/bin/node-gyp-bin:/home/jamerson/hipermidia/hipermidia/projeto/gulp-hipermidia/node_modules/.bin:/usr/local/bin:/usr/bin:/bin:/usr/bin/X11:/usr/games:/opt/bin:/snap/bin
10 verbose lifecycle gulp-hipermidia@1.0.0~gulp: CWD: /home/jamerson/hipermidia/hipermidia/projeto/gulp-hipermidia
11 silly lifecycle gulp-hipermidia@1.0.0~gulp: Args: [ '-c', 'gulp "server"' ]
12 silly lifecycle gulp-hipermidia@1.0.0~gulp: Returned: code: 1  signal: null
13 info lifecycle gulp-hipermidia@1.0.0~gulp: Failed to exec gulp script
14 verbose stack Error: gulp-hipermidia@1.0.0 gulp: `gulp "server"`
14 verbose stack Exit status 1
14 verbose stack     at EventEmitter.<anonymous> (/usr/lib64/node_modules/npm6/lib/utils/lifecycle.js:255:16)
14 verbose stack     at emitTwo (events.js:106:13)
14 verbose stack     at EventEmitter.emit (events.js:191:7)
14 verbose stack     at ChildProcess.<anonymous> (/usr/lib64/node_modules/npm6/lib/utils/spawn.js:40:14)
14 verbose stack     at emitTwo (events.js:106:13)
14 verbose stack     at ChildProcess.emit (events.js:191:7)
14 verbose stack     at maybeClose (internal/child_process.js:920:16)
14 verbose stack     at Process.ChildProcess._handle.onexit (internal/child_process.js:230:5)
15 verbose pkgid gulp-hipermidia@1.0.0
16 verbose cwd /home/jamerson/hipermidia/hipermidia/projeto/gulp-hipermidia
17 error Linux 4.4.126-48-default
18 error argv "/usr/bin/node6" "/usr/bin/npm-default" "run" "gulp" "server"
19 error node v6.14.1
20 error npm  v3.10.10
21 error code ELIFECYCLE
22 error gulp-hipermidia@1.0.0 gulp: `gulp "server"`
22 error Exit status 1
23 error Failed at the gulp-hipermidia@1.0.0 gulp script 'gulp "server"'.
23 error Make sure you have the latest version of node.js and npm installed.
23 error If you do, this is most likely a problem with the gulp-hipermidia package,
23 error not with npm itself.
23 error Tell the author that this fails on your system:
23 error     gulp "server"
23 error You can get information on how to open an issue for this project with:
23 error     npm bugs gulp-hipermidia
23 error Or if that isn't available, you can get their info via:
23 error     npm owner ls gulp-hipermidia
23 error There is likely additional logging output above.
24 verbose exit [ 1, true ]
